Determining if the pthread_create exist failed with the following output:
Change Dir: /home/dxz/Co-viewContext/build/CMakeFiles/CMakeTmp

Run Build Command:"/usr/bin/make" "cmTC_f3a7d/fast"
/usr/bin/make -f CMakeFiles/cmTC_f3a7d.dir/build.make CMakeFiles/cmTC_f3a7d.dir/build
make[1]: Entering directory '/home/dxz/Co-viewContext/build/CMakeFiles/CMakeTmp'
Building C object CMakeFiles/cmTC_f3a7d.dir/CheckSymbolExists.c.o
/usr/bin/cc    -o CMakeFiles/cmTC_f3a7d.dir/CheckSymbolExists.c.o   -c /home/dxz/Co-viewContext/build/CMakeFiles/CMakeTmp/CheckSymbolExists.c
Linking C executable cmTC_f3a7d
/usr/bin/cmake -E cmake_link_script CMakeFiles/cmTC_f3a7d.dir/link.txt --verbose=1
/usr/bin/cc      CMakeFiles/cmTC_f3a7d.dir/CheckSymbolExists.c.o  -o cmTC_f3a7d 
CMakeFiles/cmTC_f3a7d.dir/CheckSymbolExists.c.o: In function `main':
CheckSymbolExists.c:(.text+0x1b): undefined reference to `pthread_create'
collect2: error: ld returned 1 exit status
CMakeFiles/cmTC_f3a7d.dir/build.make:97: recipe for target 'cmTC_f3a7d' failed
make[1]: *** [cmTC_f3a7d] Error 1
make[1]: Leaving directory '/home/dxz/Co-viewContext/build/CMakeFiles/CMakeTmp'
Makefile:126: recipe for target 'cmTC_f3a7d/fast' failed
make: *** [cmTC_f3a7d/fast] Error 2

File /home/dxz/Co-viewContext/build/CMakeFiles/CMakeTmp/CheckSymbolExists.c:
/* */
#include <pthread.h>

int main(int argc, char** argv)
{
  (void)argv;
#ifndef pthread_create
  return ((int*)(&pthread_create))[argc];
#else
  (void)argc;
  return 0;
#endif
}

Determining if the function pthread_create exists in the pthreads failed with the following output:
Change Dir: /home/dxz/Co-viewContext/build/CMakeFiles/CMakeTmp

Run Build Command:"/usr/bin/make" "cmTC_19796/fast"
/usr/bin/make -f CMakeFiles/cmTC_19796.dir/build.make CMakeFiles/cmTC_19796.dir/build
make[1]: Entering directory '/home/dxz/Co-viewContext/build/CMakeFiles/CMakeTmp'
Building C object CMakeFiles/cmTC_19796.dir/CheckFunctionExists.c.o
/usr/bin/cc   -DCHECK_FUNCTION_EXISTS=pthread_create   -o CMakeFiles/cmTC_19796.dir/CheckFunctionExists.c.o   -c /usr/share/cmake-3.10/Modules/CheckFunctionExists.c
Linking C executable cmTC_19796
/usr/bin/cmake -E cmake_link_script CMakeFiles/cmTC_19796.dir/link.txt --verbose=1
/usr/bin/cc  -DCHECK_FUNCTION_EXISTS=pthread_create    CMakeFiles/cmTC_19796.dir/CheckFunctionExists.c.o  -o cmTC_19796 -lpthreads 
/usr/bin/ld: cannot find -lpthreads
collect2: error: ld returned 1 exit status
CMakeFiles/cmTC_19796.dir/build.make:97: recipe for target 'cmTC_19796' failed
make[1]: *** [cmTC_19796] Error 1
make[1]: Leaving directory '/home/dxz/Co-viewContext/build/CMakeFiles/CMakeTmp'
Makefile:126: recipe for target 'cmTC_19796/fast' failed
make: *** [cmTC_19796/fast] Error 2


